Traceback (most recent call last):
  File "/Users/runner/hostedtoolcache/Python/3.9.16/x64/lib/python3.9/site-packages/jupyter_cache/executors/utils.py", line 51, in single_nb_execution
    executenb(
  File "/Users/runner/hostedtoolcache/Python/3.9.16/x64/lib/python3.9/site-packages/nbclient/client.py", line 1204, in execute
    return NotebookClient(nb=nb, resources=resources, km=km, **kwargs).execute()
  File "/Users/runner/hostedtoolcache/Python/3.9.16/x64/lib/python3.9/site-packages/nbclient/util.py", line 84, in wrapped
    return just_run(coro(*args, **kwargs))
  File "/Users/runner/hostedtoolcache/Python/3.9.16/x64/lib/python3.9/site-packages/nbclient/util.py", line 62, in just_run
    return loop.run_until_complete(coro)
  File "/Users/runner/hostedtoolcache/Python/3.9.16/x64/lib/python3.9/asyncio/base_events.py", line 647, in run_until_complete
    return future.result()
  File "/Users/runner/hostedtoolcache/Python/3.9.16/x64/lib/python3.9/site-packages/nbclient/client.py", line 663, in async_execute
    await self.async_execute_cell(
  File "/Users/runner/hostedtoolcache/Python/3.9.16/x64/lib/python3.9/site-packages/nbclient/client.py", line 965, in async_execute_cell
    await self._check_raise_for_error(cell, cell_index, exec_reply)
  File "/Users/runner/hostedtoolcache/Python/3.9.16/x64/lib/python3.9/site-packages/nbclient/client.py", line 862, in _check_raise_for_error
    raise CellExecutionError.from_cell_and_msg(cell, exec_reply_content)
nbclient.exceptions.CellExecutionError: An error occurred while executing the following cell:
------------------
col = df_ex.columns          # 1
end_month = '1986-03-01'     # 2
float_month = '1973-02-01'   # 3

# 4
ax = df_ex.loc[:end_month,[col[1],col[0]]] \
          .plot(subplots=True, layout=(1,2),
                figsize=(10,4),legend=False)

# 5
for i, c in enumerate(['円','マルク']):
    
    # 6
    ax[0,i].axvline(float_month, c='k', linestyle='--')
    
    # 7
    ax[0,i].set_title(f'{c}/＄実質為替レート変化率', size=18)
pass
------------------

[0;31m---------------------------------------------------------------------------[0m
[0;31mTypeError[0m                                 Traceback (most recent call last)
Cell [0;32mIn[8], line 14[0m
[1;32m     10[0m [38;5;66;03m# 5[39;00m
[1;32m     11[0m [38;5;28;01mfor[39;00m i, c [38;5;129;01min[39;00m [38;5;28menumerate[39m([[38;5;124m'[39m[38;5;124m円[39m[38;5;124m'[39m,[38;5;124m'[39m[38;5;124mマルク[39m[38;5;124m'[39m]):
[1;32m     12[0m     
[1;32m     13[0m     [38;5;66;03m# 6[39;00m
[0;32m---> 14[0m     [43max[49m[43m[[49m[38;5;241;43m0[39;49m[43m,[49m[43mi[49m[43m][49m[38;5;241;43m.[39;49m[43maxvline[49m[43m([49m[43mfloat_month[49m[43m,[49m[43m [49m[43mc[49m[38;5;241;43m=[39;49m[38;5;124;43m'[39;49m[38;5;124;43mk[39;49m[38;5;124;43m'[39;49m[43m,[49m[43m [49m[43mlinestyle[49m[38;5;241;43m=[39;49m[38;5;124;43m'[39;49m[38;5;124;43m--[39;49m[38;5;124;43m'[39;49m[43m)[49m
[1;32m     16[0m     [38;5;66;03m# 7[39;00m
[1;32m     17[0m     ax[[38;5;241m0[39m,i][38;5;241m.[39mset_title([38;5;124mf[39m[38;5;124m'[39m[38;5;132;01m{[39;00mc[38;5;132;01m}[39;00m[38;5;124m/＄実質為替レート変化率[39m[38;5;124m'[39m, size[38;5;241m=[39m[38;5;241m18[39m)

File [0;32m~/hostedtoolcache/Python/3.9.16/x64/lib/python3.9/site-packages/matplotlib/axes/_axes.py:836[0m, in [0;36mAxes.axvline[0;34m(self, x, ymin, ymax, **kwargs)[0m
[1;32m    833[0m xmin, xmax [38;5;241m=[39m [38;5;28mself[39m[38;5;241m.[39mget_xbound()
[1;32m    835[0m [38;5;66;03m# Strip away the units for comparison with non-unitized bounds.[39;00m
[0;32m--> 836[0m xx, [38;5;241m=[39m [38;5;28;43mself[39;49m[38;5;241;43m.[39;49m[43m_process_unit_info[49m[43m([49m[43m[[49m[43m([49m[38;5;124;43m"[39;49m[38;5;124;43mx[39;49m[38;5;124;43m"[39;49m[43m,[49m[43m [49m[43mx[49m[43m)[49m[43m][49m[43m,[49m[43m [49m[43mkwargs[49m[43m)[49m
[1;32m    837[0m scalex [38;5;241m=[39m (xx [38;5;241m<[39m xmin) [38;5;129;01mor[39;00m (xx [38;5;241m>[39m xmax)
[1;32m    839[0m trans [38;5;241m=[39m [38;5;28mself[39m[38;5;241m.[39mget_xaxis_transform(which[38;5;241m=[39m[38;5;124m'[39m[38;5;124mgrid[39m[38;5;124m'[39m)

File [0;32m~/hostedtoolcache/Python/3.9.16/x64/lib/python3.9/site-packages/matplotlib/axes/_base.py:2551[0m, in [0;36m_AxesBase._process_unit_info[0;34m(self, datasets, kwargs, convert)[0m
[1;32m   2547[0m     [38;5;66;03m# Update from data if axis is already set but no unit is set yet.[39;00m
[1;32m   2548[0m     [38;5;28;01mif[39;00m (axis [38;5;129;01mis[39;00m [38;5;129;01mnot[39;00m [38;5;28;01mNone[39;00m [38;5;129;01mand[39;00m
[1;32m   2549[0m             data [38;5;129;01mis[39;00m [38;5;129;01mnot[39;00m [38;5;28;01mNone[39;00m [38;5;129;01mand[39;00m
[1;32m   2550[0m             [38;5;129;01mnot[39;00m axis[38;5;241m.[39m_have_units_and_converter()):
[0;32m-> 2551[0m         [43maxis[49m[38;5;241;43m.[39;49m[43mupdate_units[49m[43m([49m[43mdata[49m[43m)[49m
[1;32m   2552[0m [38;5;28;01mfor[39;00m axis_name, axis [38;5;129;01min[39;00m axis_map[38;5;241m.[39mitems():
[1;32m   2553[0m     [38;5;66;03m# Return if no axis is set.[39;00m
[1;32m   2554[0m     [38;5;28;01mif[39;00m axis [38;5;129;01mis[39;00m [38;5;28;01mNone[39;00m:

File [0;32m~/hostedtoolcache/Python/3.9.16/x64/lib/python3.9/site-packages/matplotlib/axis.py:1670[0m, in [0;36mAxis.update_units[0;34m(self, data)[0m
[1;32m   1668[0m neednew [38;5;241m=[39m [38;5;28mself[39m[38;5;241m.[39mconverter [38;5;241m!=[39m converter
[1;32m   1669[0m [38;5;28mself[39m[38;5;241m.[39mconverter [38;5;241m=[39m converter
[0;32m-> 1670[0m default [38;5;241m=[39m [38;5;28;43mself[39;49m[38;5;241;43m.[39;49m[43mconverter[49m[38;5;241;43m.[39;49m[43mdefault_units[49m[43m([49m[43mdata[49m[43m,[49m[43m [49m[38;5;28;43mself[39;49m[43m)[49m
[1;32m   1671[0m [38;5;28;01mif[39;00m default [38;5;129;01mis[39;00m [38;5;129;01mnot[39;00m [38;5;28;01mNone[39;00m [38;5;129;01mand[39;00m [38;5;28mself[39m[38;5;241m.[39munits [38;5;129;01mis[39;00m [38;5;28;01mNone[39;00m:
[1;32m   1672[0m     [38;5;28mself[39m[38;5;241m.[39mset_units(default)

File [0;32m~/hostedtoolcache/Python/3.9.16/x64/lib/python3.9/site-packages/matplotlib/category.py:105[0m, in [0;36mStrCategoryConverter.default_units[0;34m(data, axis)[0m
[1;32m    103[0m [38;5;66;03m# the conversion call stack is default_units -> axis_info -> convert[39;00m
[1;32m    104[0m [38;5;28;01mif[39;00m axis[38;5;241m.[39munits [38;5;129;01mis[39;00m [38;5;28;01mNone[39;00m:
[0;32m--> 105[0m     [43maxis[49m[38;5;241;43m.[39;49m[43mset_units[49m[43m([49m[43mUnitData[49m[43m([49m[43mdata[49m[43m)[49m[43m)[49m
[1;32m    106[0m [38;5;28;01melse[39;00m:
[1;32m    107[0m     axis[38;5;241m.[39munits[38;5;241m.[39mupdate(data)

File [0;32m~/hostedtoolcache/Python/3.9.16/x64/lib/python3.9/site-packages/matplotlib/axis.py:1767[0m, in [0;36mAxis.set_units[0;34m(self, u)[0m
[1;32m   1765[0m [38;5;28;01mfor[39;00m axis [38;5;129;01min[39;00m shared:
[1;32m   1766[0m     axis[38;5;241m.[39munits [38;5;241m=[39m u
[0;32m-> 1767[0m     [43maxis[49m[38;5;241;43m.[39;49m[43m_update_axisinfo[49m[43m([49m[43m)[49m
[1;32m   1768[0m     axis[38;5;241m.[39mcallbacks[38;5;241m.[39mprocess([38;5;124m'[39m[38;5;124munits[39m[38;5;124m'[39m)
[1;32m   1769[0m     axis[38;5;241m.[39mstale [38;5;241m=[39m [38;5;28;01mTrue[39;00m

File [0;32m~/hostedtoolcache/Python/3.9.16/x64/lib/python3.9/site-packages/matplotlib/axis.py:1687[0m, in [0;36mAxis._update_axisinfo[0;34m(self)[0m
[1;32m   1684[0m [38;5;28;01mif[39;00m [38;5;28mself[39m[38;5;241m.[39mconverter [38;5;129;01mis[39;00m [38;5;28;01mNone[39;00m:
[1;32m   1685[0m     [38;5;28;01mreturn[39;00m
[0;32m-> 1687[0m info [38;5;241m=[39m [38;5;28;43mself[39;49m[38;5;241;43m.[39;49m[43mconverter[49m[38;5;241;43m.[39;49m[43maxisinfo[49m[43m([49m[38;5;28;43mself[39;49m[38;5;241;43m.[39;49m[43munits[49m[43m,[49m[43m [49m[38;5;28;43mself[39;49m[43m)[49m
[1;32m   1689[0m [38;5;28;01mif[39;00m info [38;5;129;01mis[39;00m [38;5;28;01mNone[39;00m:
[1;32m   1690[0m     [38;5;28;01mreturn[39;00m

File [0;32m~/hostedtoolcache/Python/3.9.16/x64/lib/python3.9/site-packages/matplotlib/dates.py:1847[0m, in [0;36mDateConverter.axisinfo[0;34m(self, unit, axis)[0m
[1;32m   1839[0m [38;5;250m[39m[38;5;124;03m"""[39;00m
[1;32m   1840[0m [38;5;124;03mReturn the `~matplotlib.units.AxisInfo` for *unit*.[39;00m
[1;32m   1841[0m 
[1;32m   1842[0m [38;5;124;03m*unit* is a `~datetime.tzinfo` instance or None.[39;00m
[1;32m   1843[0m [38;5;124;03mThe *axis* argument is required but not used.[39;00m
[1;32m   1844[0m [38;5;124;03m"""[39;00m
[1;32m   1845[0m tz [38;5;241m=[39m unit
[0;32m-> 1847[0m majloc [38;5;241m=[39m [43mAutoDateLocator[49m[43m([49m[43mtz[49m[38;5;241;43m=[39;49m[43mtz[49m[43m,[49m
[1;32m   1848[0m [43m                         [49m[43minterval_multiples[49m[38;5;241;43m=[39;49m[38;5;28;43mself[39;49m[38;5;241;43m.[39;49m[43m_interval_multiples[49m[43m)[49m
[1;32m   1849[0m majfmt [38;5;241m=[39m AutoDateFormatter(majloc, tz[38;5;241m=[39mtz)
[1;32m   1850[0m datemin [38;5;241m=[39m datetime[38;5;241m.[39mdate([38;5;241m1970[39m, [38;5;241m1[39m, [38;5;241m1[39m)

File [0;32m~/hostedtoolcache/Python/3.9.16/x64/lib/python3.9/site-packages/matplotlib/dates.py:1337[0m, in [0;36mAutoDateLocator.__init__[0;34m(self, tz, minticks, maxticks, interval_multiples)[0m
[1;32m   1312[0m [38;5;28;01mdef[39;00m [38;5;21m__init__[39m([38;5;28mself[39m, tz[38;5;241m=[39m[38;5;28;01mNone[39;00m, minticks[38;5;241m=[39m[38;5;241m5[39m, maxticks[38;5;241m=[39m[38;5;28;01mNone[39;00m,
[1;32m   1313[0m              interval_multiples[38;5;241m=[39m[38;5;28;01mTrue[39;00m):
[1;32m   1314[0m [38;5;250m    [39m[38;5;124;03m"""[39;00m
[1;32m   1315[0m [38;5;124;03m    Parameters[39;00m
[1;32m   1316[0m [38;5;124;03m    ----------[39;00m
[0;32m   (...)[0m
[1;32m   1335[0m [38;5;124;03m        at 6 hour intervals.[39;00m
[1;32m   1336[0m [38;5;124;03m    """[39;00m
[0;32m-> 1337[0m     [38;5;28;43msuper[39;49m[43m([49m[43m)[49m[38;5;241;43m.[39;49m[38;5;21;43m__init__[39;49m[43m([49m[43mtz[49m[38;5;241;43m=[39;49m[43mtz[49m[43m)[49m
[1;32m   1338[0m     [38;5;28mself[39m[38;5;241m.[39m_freq [38;5;241m=[39m YEARLY
[1;32m   1339[0m     [38;5;28mself[39m[38;5;241m.[39m_freqs [38;5;241m=[39m [YEARLY, MONTHLY, DAILY, HOURLY, MINUTELY,
[1;32m   1340[0m                    SECONDLY, MICROSECONDLY]

File [0;32m~/hostedtoolcache/Python/3.9.16/x64/lib/python3.9/site-packages/matplotlib/dates.py:1136[0m, in [0;36mDateLocator.__init__[0;34m(self, tz)[0m
[1;32m   1129[0m [38;5;28;01mdef[39;00m [38;5;21m__init__[39m([38;5;28mself[39m, tz[38;5;241m=[39m[38;5;28;01mNone[39;00m):
[1;32m   1130[0m [38;5;250m    [39m[38;5;124;03m"""[39;00m
[1;32m   1131[0m [38;5;124;03m    Parameters[39;00m
[1;32m   1132[0m [38;5;124;03m    ----------[39;00m
[1;32m   1133[0m [38;5;124;03m    tz : str or `~datetime.tzinfo`, default: :rc:`timezone`[39;00m
[1;32m   1134[0m [38;5;124;03m        Ticks timezone. If a string, *tz* is passed to `dateutil.tz`.[39;00m
[1;32m   1135[0m [38;5;124;03m    """[39;00m
[0;32m-> 1136[0m     [38;5;28mself[39m[38;5;241m.[39mtz [38;5;241m=[39m [43m_get_tzinfo[49m[43m([49m[43mtz[49m[43m)[49m

File [0;32m~/hostedtoolcache/Python/3.9.16/x64/lib/python3.9/site-packages/matplotlib/dates.py:234[0m, in [0;36m_get_tzinfo[0;34m(tz)[0m
[1;32m    232[0m [38;5;28;01mif[39;00m [38;5;28misinstance[39m(tz, datetime[38;5;241m.[39mtzinfo):
[1;32m    233[0m     [38;5;28;01mreturn[39;00m tz
[0;32m--> 234[0m [38;5;28;01mraise[39;00m [38;5;167;01mTypeError[39;00m([38;5;124m"[39m[38;5;124mtz must be string or tzinfo subclass.[39m[38;5;124m"[39m)

[0;31mTypeError[0m: tz must be string or tzinfo subclass.
TypeError: tz must be string or tzinfo subclass.

