Traceback (most recent call last):
  File "/Library/Frameworks/Python.framework/Versions/3.12/lib/python3.12/site-packages/jupyter_cache/executors/utils.py", line 58, in single_nb_execution
    executenb(
  File "/Library/Frameworks/Python.framework/Versions/3.12/lib/python3.12/site-packages/nbclient/client.py", line 1314, in execute
    return NotebookClient(nb=nb, resources=resources, km=km, **kwargs).execute()
           ^^^^^^^^^^^^^^^^^^^^^^^^^^^^^^^^^^^^^^^^^^^^^^^^^^^^^^^^^^^^^^^^^^^^^
  File "/Library/Frameworks/Python.framework/Versions/3.12/lib/python3.12/site-packages/jupyter_core/utils/__init__.py", line 165, in wrapped
    return loop.run_until_complete(inner)
           ^^^^^^^^^^^^^^^^^^^^^^^^^^^^^^
  File "/Library/Frameworks/Python.framework/Versions/3.12/lib/python3.12/asyncio/base_events.py", line 687, in run_until_complete
    return future.result()
           ^^^^^^^^^^^^^^^
  File "/Library/Frameworks/Python.framework/Versions/3.12/lib/python3.12/site-packages/nbclient/client.py", line 709, in async_execute
    await self.async_execute_cell(
  File "/Library/Frameworks/Python.framework/Versions/3.12/lib/python3.12/site-packages/nbclient/client.py", line 1062, in async_execute_cell
    await self._check_raise_for_error(cell, cell_index, exec_reply)
  File "/Library/Frameworks/Python.framework/Versions/3.12/lib/python3.12/site-packages/nbclient/client.py", line 918, in _check_raise_for_error
    raise CellExecutionError.from_cell_and_msg(cell, exec_reply_content)
nbclient.exceptions.CellExecutionError: An error occurred while executing the following cell:
------------------
print(f'aã®å€¤ï¼š{ahat:.3f}')
print(f'cã®å€¤ï¼š{chat:.3f}')
print(f'uã®æ¨™æº–åå·®ï¼š{u_std:.6f}')
print(f'vã®æ¨™æº–åå·®ï¼š{v_std:.6f}')
------------------


[0;31m---------------------------------------------------------------------------[0m
[0;31mNameError[0m                                 Traceback (most recent call last)
Cell [0;32mIn[3], line 1[0m
[0;32m----> 1[0m [38;5;28mprint[39m([38;5;124mf[39m[38;5;124m'[39m[38;5;124maã®å€¤ï¼š[39m[38;5;132;01m{[39;00m[43mahat[49m[38;5;132;01m:[39;00m[38;5;124m.3f[39m[38;5;132;01m}[39;00m[38;5;124m'[39m)
[1;32m      2[0m [38;5;28mprint[39m([38;5;124mf[39m[38;5;124m'[39m[38;5;124mcã®å€¤ï¼š[39m[38;5;132;01m{[39;00mchat[38;5;132;01m:[39;00m[38;5;124m.3f[39m[38;5;132;01m}[39;00m[38;5;124m'[39m)
[1;32m      3[0m [38;5;28mprint[39m([38;5;124mf[39m[38;5;124m'[39m[38;5;124muã®æ¨™æº–åå·®ï¼š[39m[38;5;132;01m{[39;00mu_std[38;5;132;01m:[39;00m[38;5;124m.6f[39m[38;5;132;01m}[39;00m[38;5;124m'[39m)

[0;31mNameError[0m: name 'ahat' is not defined

